{"timestamp": "2026-06-14T19:19:08.906957+00:00", "metric_name": "checkout_service", "error_rate": 4.77}
{"timestamp": "2026-06-14T19:20:08.906957+00:00", "metric_name": "search_service", "error_rate": 1.88}
{"timestamp": "2026-06-14T19:21:08.906957+00:00", "metric_name": "search_service", "error_rate": 4.6}
{"timestamp": "2026-06-14T19:22:08.906957+00:00", "metric_name": "inventory_service", "error_rate": 2.34}
{"timestamp": "2026-06-14T19:23:08.906957+00:00", "metric_name": "api_gateway", "error_rate": 4.57}
{"timestamp": "2026-06-14T19:24:08.906957+00:00", "metric_name": "payment_service", "error_rate": 4.09}
{"timestamp": "2026-06-14T19:25:08.906957+00:00", "metric_name": "auth_service", "error_rate": 1.78}
{"timestamp": "2026-06-14T19:26:08.906957+00:00", "metric_name": "payment_service", "error_rate": 2.75}
{"timestamp": "2026-06-14T19:27:08.906957+00:00", "metric_name": "auth_service", "error_rate": 2.01}
{"timestamp": "2026-06-14T19:28:08.906957+00:00", "metric_name": "payment_service", "error_rate": 1.89}
{"timestamp": "2026-06-14T19:29:08.906957+00:00", "metric_name": "auth_service", "error_rate": 3.97}
{"timestamp": "2026-06-14T19:30:08.906957+00:00", "metric_name": "api_gateway", "error_rate": 3.18}
{"timestamp": "2026-06-14T19:31:08.906957+00:00", "metric_name": "search_service", "error_rate": 3.4}
{"timestamp": "2026-06-14T19:32:08.906957+00:00", "metric_name": "inventory_service", "error_rate": 1.24}
{"timestamp": "2026-06-14T19:33:08.906957+00:00", "metric_name": "search_service", "error_rate": 3.96}
{"timestamp": "2026-06-14T19:34:08.906957+00:00", "metric_name": "checkout_service", "error_rate": 3.13}
{"timestamp": "2026-06-14T19:35:08.906957+00:00", "metric_name": "notification_service", "error_rate": 4.71}
{"timestamp": "2026-06-14T19:36:08.906957+00:00", "metric_name": "inventory_service", "error_rate": 2.18}
{"timestamp": "2026-06-14T19:37:08.906957+00:00", "metric_name": "search_service", "error_rate": 2.32}
{"timestamp": "2026-06-14T19:38:08.906957+00:00", "metric_name": "search_service", "error_rate": 1.67}
{"timestamp": "2026-06-14T19:39:08.906957+00:00", "metric_name": "checkout_service", "error_rate": 3.26}
{"timestamp": "2026-06-14T19:40:08.906957+00:00", "metric_name": "inventory_service", "error_rate": 3.22}
{"timestamp": "2026-06-14T19:41:08.906957+00:00", "metric_name": "api_gateway", "error_rate": 1.19}
{"timestamp": "2026-06-14T19:42:08.906957+00:00", "metric_name": "search_service", "error_rate": 2.39}
{"timestamp": "2026-06-14T19:43:08.906957+00:00", "metric_name": "payment_service", "error_rate": 0.55}
{"timestamp": "2026-06-14T19:44:08.906957+00:00", "metric_name": "api_gateway", "error_rate": 2.65}
{"timestamp": "2026-06-14T19:45:08.906957+00:00", "metric_name": "search_service", "error_rate": 2.32}
{"timestamp": "2026-06-14T19:46:08.906957+00:00", "metric_name": "search_service", "error_rate": 1.19}
{"timestamp": "2026-06-14T19:47:08.906957+00:00", "metric_name": "api_gateway", "error_rate": 1.64}
{"timestamp": "2026-06-14T19:48:08.906957+00:00", "metric_name": "notification_service", "error_rate": 0.71}
{"timestamp": "2026-06-14T19:49:08.906957+00:00", "metric_name": "notification_service", "error_rate": 1.26}
{"timestamp": "2026-06-14T19:50:08.906957+00:00", "metric_name": "auth_service", "error_rate": 2.23}
{"timestamp": "2026-06-14T19:51:08.906957+00:00", "metric_name": "checkout_service", "error_rate": 4.0}
{"timestamp": "2026-06-14T19:52:08.906957+00:00", "metric_name": "search_service", "error_rate": 3.11}
{"timestamp": "2026-06-14T19:53:08.906957+00:00", "metric_name": "search_service", "error_rate": 1.35}
{"timestamp": "2026-06-14T19:54:08.906957+00:00", "metric_name": "checkout_service", "error_rate": 0.71}
{"timestamp": "2026-06-14T19:55:08.906957+00:00", "metric_name": "checkout_service", "error_rate": 3.8}
{"timestamp": "2026-06-14T19:56:08.906957+00:00", "metric_name": "checkout_service", "error_rate": 4.1}
{"timestamp": "2026-06-14T19:57:08.906957+00:00", "metric_name": "auth_service", "error_rate": 6.2}
{"timestamp": "2026-06-14T19:58:08.906957+00:00", "metric_name": "auth_service", "error_rate": 7.1}
{"timestamp": "2026-06-14T19:59:08.906957+00:00", "metric_name": "auth_service", "error_rate": 8.3}
{"timestamp": "2026-06-14T20:00:08.906957+00:00", "metric_name": "auth_service", "error_rate": 9.0}
{"timestamp": "2026-06-14T20:01:08.906957+00:00", "metric_name": "auth_service", "error_rate": 6.8}
{"timestamp": "2026-06-14T20:02:08.906957+00:00", "metric_name": "auth_service", "error_rate": 7.5}
{"timestamp": "2026-06-14T20:03:08.906957+00:00", "metric_name": "checkout_service", "error_rate": 3.8}
{"timestamp": "2026-06-14T20:04:08.906957+00:00", "metric_name": "checkout_service", "error_rate": 4.1}
{"timestamp": "2026-06-14T20:05:08.906957+00:00", "metric_name": "payment_service", "error_rate": 2.98}
{"timestamp": "2026-06-14T20:06:08.906957+00:00", "metric_name": "auth_service", "error_rate": 4.52}
{"timestamp": "2026-06-14T20:07:08.906957+00:00", "metric_name": "inventory_service", "error_rate": 0.66}
{"timestamp": "2026-06-14T20:08:08.906957+00:00", "metric_name": "checkout_service", "error_rate": 4.03}
